<?xml version="1.0" encoding="UTF-8"?>
<!-- Generated by org.testng.reporters.JUnitReportReporter -->
<testsuite skipped="0" hostname="DUC-WkJ45fRW1MP" name="org.example.testRunner.runners" tests="10" failures="0" timestamp="2022-07-17T11:05:10 EET" time="149.494" errors="0">
  <testcase name="runScenario" time="12.435" classname="org.example.testRunner.runners"/>
  <system-out/>
  <testcase name="runScenario" time="10.584" classname="org.example.testRunner.runners"/>
  <system-out/>
  <testcase name="runScenario" time="16.906" classname="org.example.testRunner.runners"/>
  <system-out/>
  <testcase name="runScenario" time="16.532" classname="org.example.testRunner.runners"/>
  <system-out/>
  <testcase name="runScenario" time="16.730" classname="org.example.testRunner.runners"/>
  <system-out/>
  <testcase name="runScenario" time="10.949" classname="org.example.testRunner.runners"/>
  <system-out/>
  <testcase name="runScenario" time="16.571" classname="org.example.testRunner.runners"/>
  <system-out/>
  <testcase name="runScenario" time="16.136" classname="org.example.testRunner.runners"/>
  <system-out/>
  <testcase name="runScenario" time="16.071" classname="org.example.testRunner.runners"/>
  <system-out/>
  <testcase name="runScenario" time="16.580" classname="org.example.testRunner.runners"/>
  <system-out/>
</testsuite> <!-- org.example.testRunner.runners -->
